{
  "RSpec": {
    "coverage": {
      "/Users/Nicole/Documents/mod3/city_critic/app/models/city.rb": [
        1,
        1,
        1,
        1,
        null
      ],
      "/Users/Nicole/Documents/mod3/city_critic/app/models/application_record.rb": [
        1,
        1,
        null
      ],
      "/Users/Nicole/Documents/mod3/city_critic/app/models/comment.rb": [
        1,
        1,
        1,
        1,
        null
      ],
      "/Users/Nicole/Documents/mod3/city_critic/app/models/state.rb": [
        1,
        1,
        1,
        1,
        null
      ],
      "/Users/Nicole/Documents/mod3/city_critic/app/models/user.rb": [
        null,
        1,
        1,
        1,
        1,
        1,
        1,
        1,
        1,
        1,
        null,
        null,
        1,
        2,
        null,
        null,
        1,
        0,
        0,
        0,
        0,
        0,
        null,
        null,
        null
      ],
      "/Users/Nicole/Documents/mod3/city_critic/app/controllers/home_controller.rb": [
        1,
        null,
        1,
        null,
        null,
        null
      ],
      "/Users/Nicole/Documents/mod3/city_critic/app/controllers/application_controller.rb": [
        1,
        1,
        1,
        null,
        1,
        41,
        null,
        null,
        1,
        0,
        null,
        null,
        1,
        0,
        null,
        null,
        null
      ],
      "/Users/Nicole/Documents/mod3/city_critic/app/controllers/states_controller.rb": [
        1,
        null,
        1,
        1,
        null,
        null,
        1,
        0,
        0,
        null,
        null
      ],
      "/Users/Nicole/Documents/mod3/city_critic/app/controllers/sessions_controller.rb": [
        1,
        1,
        null,
        1,
        3,
        3,
        null,
        null,
        1,
        3,
        null,
        null,
        1,
        1,
        1,
        null,
        null,
        1,
        null,
        1,
        3,
        3,
        null,
        0,
        null,
        null,
        null,
        null,
        1,
        3,
        2,
        2,
        null,
        1,
        1,
        null,
        null,
        null,
        null
      ],
      "/Users/Nicole/Documents/mod3/city_critic/app/controllers/users_controller.rb": [
        1,
        null,
        1,
        0,
        null,
        null,
        null,
        1,
        null,
        null,
        1,
        0,
        0,
        0,
        0,
        null,
        0,
        0,
        null,
        null,
        null,
        null,
        1,
        null,
        1,
        0,
        null,
        null,
        null,
        null,
        null,
        null,
        null,
        null,
        null,
        null
      ],
      "/Users/Nicole/Documents/mod3/city_critic/app/channels/application_cable/channel.rb": [
        0,
        0,
        0,
        0
      ],
      "/Users/Nicole/Documents/mod3/city_critic/app/channels/application_cable/connection.rb": [
        0,
        0,
        0,
        0
      ],
      "/Users/Nicole/Documents/mod3/city_critic/app/controllers/cities_controller.rb": [
        0,
        0,
        0,
        0,
        0,
        0,
        0,
        0,
        0
      ],
      "/Users/Nicole/Documents/mod3/city_critic/app/helpers/application_helper.rb": [
        0,
        0
      ],
      "/Users/Nicole/Documents/mod3/city_critic/app/jobs/application_job.rb": [
        0,
        0
      ],
      "/Users/Nicole/Documents/mod3/city_critic/app/mailers/application_mailer.rb": [
        0,
        0,
        0,
        0
      ],
      "/Users/Nicole/Documents/mod3/city_critic/app/services/yelp_service.rb": [
        0,
        0,
        0,
        0,
        0,
        0,
        0,
        0,
        0,
        0,
        0,
        0,
        0,
        0,
        0,
        0,
        0,
        0,
        0,
        0
      ],
      "/Users/Nicole/Documents/mod3/city_critic/app/services/zillow_service.rb": [
        0,
        0,
        0,
        0,
        0,
        0,
        0,
        0,
        0,
        0,
        0,
        0,
        0,
        0,
        0,
        0,
        0,
        0,
        0,
        0
      ]
    },
    "timestamp": 1473919635
  }
}
